[THREAD GHOST 0] Iniciada.
[THREAD GHOST 1] Iniciada.
[THREAD GHOST 2] Iniciada.
[THREAD GHOST 3] Iniciada.
[THREAD GHOST 4] Iniciada.
[THREAD GHOST 5] Iniciada.
[THREAD GHOST 6] Iniciada.
[THREAD GHOST 7] Iniciada.
[THREAD GHOST 8] Iniciada.
[THREAD GHOST 9] Iniciada.
[THREAD GHOST 10] Iniciada.
[THREAD GHOST 11] Iniciada.
[THREAD GHOST 12] Iniciada.
[THREAD GHOST 13] Iniciada.
[THREAD GHOST 14] Iniciada.
Killing 0 pacman

[THREAD GHOST 0] Detetou fim de jogo. A sair...
[THREAD GHOST 0] Terminou loop. A morrer.
[THREAD GHOST 1] Detetou fim de jogo. A sair...
[THREAD GHOST 1] Terminou loop. A morrer.
[THREAD GHOST 4] Detetou fim de jogo. A sair...
[THREAD GHOST 4] Terminou loop. A morrer.
[THREAD GHOST 6] Detetou fim de jogo. A sair...
[THREAD GHOST 6] Terminou loop. A morrer.
[THREAD GHOST 5] Detetou fim de jogo. A sair...
[THREAD GHOST 5] Terminou loop. A morrer.
[THREAD GHOST 2] Detetou fim de jogo. A sair...
[THREAD GHOST 2] Terminou loop. A morrer.
[THREAD GHOST 7] Detetou fim de jogo. A sair...
[THREAD GHOST 7] Terminou loop. A morrer.
[THREAD GHOST 3] Detetou fim de jogo. A sair...
[THREAD GHOST 3] Terminou loop. A morrer.
[THREAD GHOST 12] Detetou fim de jogo. A sair...
[THREAD GHOST 12] Terminou loop. A morrer.
[THREAD GHOST 8] Detetou fim de jogo. A sair...
[THREAD GHOST 8] Terminou loop. A morrer.
[THREAD GHOST 10] Detetou fim de jogo. A sair...
[THREAD GHOST 10] Terminou loop. A morrer.
[THREAD GHOST 9] Detetou fim de jogo. A sair...
[THREAD GHOST 9] Terminou loop. A morrer.
[THREAD GHOST 11] Detetou fim de jogo. A sair...
[THREAD GHOST 11] Terminou loop. A morrer.
[THREAD GHOST 13] Detetou fim de jogo. A sair...
[THREAD GHOST 13] Terminou loop. A morrer.
[THREAD GHOST 14] Detetou fim de jogo. A sair...
[THREAD GHOST 14] Terminou loop. A morrer.
REFRESH
